c:\users\john\documents\visual studio 2015\projects\cryptography\kyber\kyber\x64\debug\kyber.pdb
c:\users\john\documents\visual studio 2015\projects\cryptography\kyber\kyber\x64\debug\kyber.idb
c:\users\john\documents\visual studio 2015\projects\cryptography\kyber\kyber\x64\debug\cbd.obj
c:\users\john\documents\visual studio 2015\projects\cryptography\kyber\kyber\x64\debug\indcpa.obj
c:\users\john\documents\visual studio 2015\projects\cryptography\kyber\kyber\x64\debug\kem.obj
c:\users\john\documents\visual studio 2015\projects\cryptography\kyber\kyber\x64\debug\ntt.obj
c:\users\john\documents\visual studio 2015\projects\cryptography\kyber\kyber\x64\debug\poly.obj
c:\users\john\documents\visual studio 2015\projects\cryptography\kyber\kyber\x64\debug\polyvec.obj
c:\users\john\documents\visual studio 2015\projects\cryptography\kyber\kyber\x64\debug\sysrand.obj
c:\users\john\documents\visual studio 2015\projects\cryptography\kyber\kyber\x64\debug\reduce.obj
c:\users\john\documents\visual studio 2015\projects\cryptography\kyber\kyber\x64\debug\sha3.obj
c:\users\john\documents\visual studio 2015\projects\cryptography\kyber\kyber\x64\debug\verify.obj
c:\users\john\documents\visual studio 2015\projects\cryptography\kyber\x64\debug\kyber.lib
c:\users\john\documents\visual studio 2015\projects\cryptography\kyber\x64\debug\kyber.pdb
c:\users\john\documents\visual studio 2015\projects\cryptography\kyber\kyber\x64\debug\kyber.tlog\cl.command.1.tlog
c:\users\john\documents\visual studio 2015\projects\cryptography\kyber\kyber\x64\debug\kyber.tlog\cl.read.1.tlog
c:\users\john\documents\visual studio 2015\projects\cryptography\kyber\kyber\x64\debug\kyber.tlog\cl.write.1.tlog
c:\users\john\documents\visual studio 2015\projects\cryptography\kyber\kyber\x64\debug\kyber.tlog\lib-link.read.1.tlog
c:\users\john\documents\visual studio 2015\projects\cryptography\kyber\kyber\x64\debug\kyber.tlog\lib-link.write.1.tlog
c:\users\john\documents\visual studio 2015\projects\cryptography\kyber\kyber\x64\debug\kyber.tlog\lib.command.1.tlog
